<?xml version="1.0" encoding="UTF-8"?>
<testsuite name="Credit Details Validation"
           tests="3"
           failures="0"
           errors="0"
           skipped="0"
           time="26.371">
    <properties></properties>



            <testcase
                name="insert_credit_card_details"
                time="0.214"
                classname="Capstone_Project.Credit_Card_Validation">
            </testcase>
            <testcase
                name="validate_credit_card_details"
                time="25.979"
                classname="Capstone_Project.Credit_Card_Validation">
            </testcase>
            <testcase
                name="insert_credit_card_and_pan"
                time="0.178"
                classname="Capstone_Project.Credit_Card_Validation">
            </testcase>
</testsuite>
