<?xml version="1.0" encoding="UTF-8"?>
<testsuite name="Credit Details Validation"
           tests="3"
           failures="0"
           errors="0"
           skipped="0"
           time="106.154">
    <properties></properties>



            <testcase
                name="insert_credit_card_details"
                time="0.227"
                classname="Capstone_Project.Credit_Card_Validation">
            </testcase>
            <testcase
                name="insert_credit_card_and_pan"
                time="0.198"
                classname="Capstone_Project.Credit_Card_Validation">
            </testcase>
            <testcase
                name="validate_credit_card_details"
                time="105.729"
                classname="Capstone_Project.Credit_Card_Validation">
            </testcase>
</testsuite>
